<?xml version="1.0" encoding="UTF-8"?>
<!-- Generated by org.testng.reporters.JUnitReportReporter -->
<testsuite hostname="Mallikas-MBP" failures="0" tests="1" name="herokuApp.herokuApp_Hover" time="10.519" errors="0" timestamp="26 Feb 2018 13:15:00 GMT" skipped="0">
  <testcase classname="herokuApp.herokuApp_Hover" name="hoverScenario_tc1" time="10.519"/>
</testsuite> <!-- herokuApp.herokuApp_Hover -->
