<?xml version="1.0" encoding="UTF-8"?>
<!-- Generated by org.testng.reporters.JUnitReportReporter -->
<testsuite hostname="Mallikas-MBP" failures="0" tests="3" name="herokuApp.herokuAppTest" time="23.123" errors="0" timestamp="25 Feb 2018 21:52:18 GMT" skipped="0">
  <testcase classname="herokuApp.herokuAppTest" name="testScenario_1" time="6.745"/>
  <testcase classname="herokuApp.herokuAppTest" name="testScenario_2" time="7.635"/>
  <testcase classname="herokuApp.herokuAppTest" name="testScenario_3" time="8.743"/>
</testsuite> <!-- herokuApp.herokuAppTest -->
