<?xml version="1.0" encoding="UTF-8"?>
<!-- Generated by org.testng.reporters.JUnitReportReporter -->
<testsuite hostname="Mallikas-MBP" failures="0" tests="3" name="herokuApp.herokuApp_Login" time="19.503" errors="0" timestamp="26 Feb 2018 13:15:00 GMT" skipped="0">
  <testcase classname="herokuApp.herokuApp_Login" name="testScenario_1" time="8.878"/>
  <testcase classname="herokuApp.herokuApp_Login" name="testScenario_2" time="5.173"/>
  <testcase classname="herokuApp.herokuApp_Login" name="testScenario_3" time="5.452"/>
</testsuite> <!-- herokuApp.herokuApp_Login -->
